{"E:\\react_practice\\blinkist-app\\src\\components\\atoms\\Avatar.tsx": {"path":"E:\\react_practice\\blinkist-app\\src\\components\\atoms\\Avatar.tsx","statementMap":{"0":{"start":{"line":2,"column":4},"end":{"line":17,"column":6}}},"fnMap":{"0":{"name":"Avatar","decl":{"start":{"line":1,"column":9},"end":{"line":1,"column":15}},"loc":{"start":{"line":1,"column":18},"end":{"line":18,"column":1}},"line":1}},"branchMap":{},"s":{"0":1},"f":{"0":1},"b":{},"_coverageSchema":"1a1c01bbd47fc00a2c39e90264f33305004495a9","hash":"8810b8aa01bc1e802c92d8c6aa368dcd96fea771"}
,"E:\\react_practice\\blinkist-app\\src\\components\\atoms\\BannerImage.tsx": {"path":"E:\\react_practice\\blinkist-app\\src\\components\\atoms\\BannerImage.tsx","statementMap":{"0":{"start":{"line":2,"column":4},"end":{"line":171,"column":6}}},"fnMap":{"0":{"name":"BannerImage","decl":{"start":{"line":1,"column":9},"end":{"line":1,"column":20}},"loc":{"start":{"line":1,"column":23},"end":{"line":172,"column":1}},"line":1}},"branchMap":{},"s":{"0":2},"f":{"0":2},"b":{},"_coverageSchema":"1a1c01bbd47fc00a2c39e90264f33305004495a9","hash":"31b7cf72543ee251044e963c61889f3180ed89f7"}
,"E:\\react_practice\\blinkist-app\\src\\components\\atoms\\Logo.tsx": {"path":"E:\\react_practice\\blinkist-app\\src\\components\\atoms\\Logo.tsx","statementMap":{"0":{"start":{"line":2,"column":2},"end":{"line":33,"column":4}}},"fnMap":{"0":{"name":"Logo","decl":{"start":{"line":1,"column":9},"end":{"line":1,"column":13}},"loc":{"start":{"line":1,"column":16},"end":{"line":34,"column":1}},"line":1}},"branchMap":{},"s":{"0":2},"f":{"0":2},"b":{},"_coverageSchema":"1a1c01bbd47fc00a2c39e90264f33305004495a9","hash":"617d296c02e5e22d640594632d015f4b25cdfc79"}
,"E:\\react_practice\\blinkist-app\\src\\components\\atoms\\cover_image\\CoverImage.tsx": {"path":"E:\\react_practice\\blinkist-app\\src\\components\\atoms\\cover_image\\CoverImage.tsx","statementMap":{"0":{"start":{"line":2,"column":2},"end":{"line":2,"column":45}},"1":{"start":{"line":2,"column":32},"end":{"line":2,"column":45}},"2":{"start":{"line":3,"column":2},"end":{"line":3,"column":88}}},"fnMap":{"0":{"name":"CoverImage","decl":{"start":{"line":1,"column":9},"end":{"line":1,"column":19}},"loc":{"start":{"line":1,"column":32},"end":{"line":4,"column":1}},"line":1}},"branchMap":{"0":{"loc":{"start":{"line":2,"column":2},"end":{"line":2,"column":45}},"type":"if","locations":[{"start":{"line":2,"column":2},"end":{"line":2,"column":45}},{"start":{},"end":{}}],"line":2}},"s":{"0":1,"1":0,"2":1},"f":{"0":1},"b":{"0":[0,1]},"_coverageSchema":"1a1c01bbd47fc00a2c39e90264f33305004495a9","hash":"e49a1410eefb4d693ff9ac2691819764f6f5c653"}
,"E:\\react_practice\\blinkist-app\\src\\components\\atoms\\icons\\Icons.tsx": {"path":"E:\\react_practice\\blinkist-app\\src\\components\\atoms\\icons\\Icons.tsx","statementMap":{"0":{"start":{"line":8,"column":2},"end":{"line":8,"column":85}}},"fnMap":{"0":{"name":"Icons","decl":{"start":{"line":7,"column":9},"end":{"line":7,"column":14}},"loc":{"start":{"line":7,"column":37},"end":{"line":9,"column":1}},"line":7}},"branchMap":{},"s":{"0":2},"f":{"0":2},"b":{},"_coverageSchema":"1a1c01bbd47fc00a2c39e90264f33305004495a9","hash":"b240ec5ae1b3c8f960b7c6c71497bf46d43800b1"}
,"E:\\react_practice\\blinkist-app\\src\\components\\molecules\\SearchBar.tsx": {"path":"E:\\react_practice\\blinkist-app\\src\\components\\molecules\\SearchBar.tsx","statementMap":{"0":{"start":{"line":5,"column":2},"end":{"line":20,"column":4}}},"fnMap":{"0":{"name":"SearchBar","decl":{"start":{"line":4,"column":9},"end":{"line":4,"column":18}},"loc":{"start":{"line":4,"column":21},"end":{"line":21,"column":1}},"line":4}},"branchMap":{},"s":{"0":1},"f":{"0":1},"b":{},"_coverageSchema":"1a1c01bbd47fc00a2c39e90264f33305004495a9","hash":"56065d674f09d85f6f6465316ad99528124a8106"}
,"E:\\react_practice\\blinkist-app\\src\\components\\molecules\\entrepreneurship\\ExploreBanner.tsx": {"path":"E:\\react_practice\\blinkist-app\\src\\components\\molecules\\entrepreneurship\\ExploreBanner.tsx","statementMap":{"0":{"start":{"line":7,"column":19},"end":{"line":30,"column":1}},"1":{"start":{"line":32,"column":2},"end":{"line":52,"column":4}}},"fnMap":{"0":{"name":"ExploreBanner","decl":{"start":{"line":31,"column":9},"end":{"line":31,"column":22}},"loc":{"start":{"line":31,"column":25},"end":{"line":53,"column":1}},"line":31}},"branchMap":{},"s":{"0":1,"1":1},"f":{"0":1},"b":{},"_coverageSchema":"1a1c01bbd47fc00a2c39e90264f33305004495a9","hash":"3edf4b29e98f77e5ef042e8104ed68efe7d1cce1"}
,"E:\\react_practice\\blinkist-app\\src\\components\\molecules\\menu\\MenuTabs.tsx": {"path":"E:\\react_practice\\blinkist-app\\src\\components\\molecules\\menu\\MenuTabs.tsx","statementMap":{"0":{"start":{"line":5,"column":19},"end":{"line":5,"column":28}},"1":{"start":{"line":6,"column":20},"end":{"line":14,"column":1}},"2":{"start":{"line":17,"column":2},"end":{"line":29,"column":4}}},"fnMap":{"0":{"name":"MenuTabs","decl":{"start":{"line":16,"column":9},"end":{"line":16,"column":17}},"loc":{"start":{"line":16,"column":20},"end":{"line":30,"column":1}},"line":16}},"branchMap":{},"s":{"0":1,"1":1,"2":1},"f":{"0":1},"b":{},"_coverageSchema":"1a1c01bbd47fc00a2c39e90264f33305004495a9","hash":"daf4b2ccf8e843c4d1b033e73a2ccd6d8f0da909"}
,"E:\\react_practice\\blinkist-app\\src\\components\\molecules\\tabs\\ToggleTabs.tsx": {"path":"E:\\react_practice\\blinkist-app\\src\\components\\molecules\\tabs\\ToggleTabs.tsx","statementMap":{"0":{"start":{"line":5,"column":17},"end":{"line":34,"column":1}},"1":{"start":{"line":37,"column":2},"end":{"line":61,"column":4}}},"fnMap":{"0":{"name":"ToggleTabs","decl":{"start":{"line":36,"column":9},"end":{"line":36,"column":19}},"loc":{"start":{"line":36,"column":32},"end":{"line":62,"column":1}},"line":36}},"branchMap":{"0":{"loc":{"start":{"line":43,"column":21},"end":{"line":43,"column":65}},"type":"cond-expr","locations":[{"start":{"line":43,"column":49},"end":{"line":43,"column":56}},{"start":{"line":43,"column":59},"end":{"line":43,"column":65}}],"line":43},"1":{"loc":{"start":{"line":55,"column":21},"end":{"line":55,"column":66}},"type":"cond-expr","locations":[{"start":{"line":55,"column":50},"end":{"line":55,"column":57}},{"start":{"line":55,"column":60},"end":{"line":55,"column":66}}],"line":55}},"s":{"0":1,"1":1},"f":{"0":1},"b":{"0":[0,1],"1":[1,0]},"_coverageSchema":"1a1c01bbd47fc00a2c39e90264f33305004495a9","hash":"c8eb088c68570a5f8b46727f45cd24d93760b780"}
,"E:\\react_practice\\blinkist-app\\src\\components\\organisms\\footer\\Footer.tsx": {"path":"E:\\react_practice\\blinkist-app\\src\\components\\organisms\\footer\\Footer.tsx","statementMap":{"0":{"start":{"line":9,"column":18},"end":{"line":26,"column":1}},"1":{"start":{"line":29,"column":2},"end":{"line":55,"column":4}}},"fnMap":{"0":{"name":"Footer","decl":{"start":{"line":28,"column":9},"end":{"line":28,"column":15}},"loc":{"start":{"line":28,"column":18},"end":{"line":56,"column":1}},"line":28}},"branchMap":{},"s":{"0":1,"1":1},"f":{"0":1},"b":{},"_coverageSchema":"1a1c01bbd47fc00a2c39e90264f33305004495a9","hash":"946b088aaed2de484f226f1190967ef8bb86a6f1"}
}
