TN:
SF:src\components\atoms\Avatar.tsx
FN:1,Avatar
FNF:1
FNH:1
FNDA:1,Avatar
DA:2,1
LF:1
LH:1
BRF:0
BRH:0
end_of_record
TN:
SF:src\components\atoms\BannerImage.tsx
FN:1,BannerImage
FNF:1
FNH:1
FNDA:2,BannerImage
DA:2,2
LF:1
LH:1
BRF:0
BRH:0
end_of_record
TN:
SF:src\components\atoms\Logo.tsx
FN:1,Logo
FNF:1
FNH:1
FNDA:2,Logo
DA:2,2
LF:1
LH:1
BRF:0
BRH:0
end_of_record
TN:
SF:src\components\atoms\cover_image\CoverImage.tsx
FN:1,CoverImage
FNF:1
FNH:1
FNDA:1,CoverImage
DA:2,1
DA:3,1
LF:2
LH:2
BRDA:2,0,0,0
BRDA:2,0,1,1
BRF:2
BRH:1
end_of_record
TN:
SF:src\components\atoms\icons\Icons.tsx
FN:7,Icons
FNF:1
FNH:1
FNDA:2,Icons
DA:8,2
LF:1
LH:1
BRF:0
BRH:0
end_of_record
TN:
SF:src\components\molecules\SearchBar.tsx
FN:4,SearchBar
FNF:1
FNH:1
FNDA:1,SearchBar
DA:5,1
LF:1
LH:1
BRF:0
BRH:0
end_of_record
TN:
SF:src\components\molecules\entrepreneurship\ExploreBanner.tsx
FN:31,ExploreBanner
FNF:1
FNH:1
FNDA:1,ExploreBanner
DA:7,1
DA:32,1
LF:2
LH:2
BRF:0
BRH:0
end_of_record
TN:
SF:src\components\molecules\menu\MenuTabs.tsx
FN:16,MenuTabs
FNF:1
FNH:1
FNDA:1,MenuTabs
DA:5,1
DA:6,1
DA:17,1
LF:3
LH:3
BRF:0
BRH:0
end_of_record
TN:
SF:src\components\molecules\tabs\ToggleTabs.tsx
FN:36,ToggleTabs
FNF:1
FNH:1
FNDA:1,ToggleTabs
DA:5,1
DA:37,1
LF:2
LH:2
BRDA:43,0,0,0
BRDA:43,0,1,1
BRDA:55,1,0,1
BRDA:55,1,1,0
BRF:4
BRH:2
end_of_record
TN:
SF:src\components\organisms\footer\Footer.tsx
FN:28,Footer
FNF:1
FNH:1
FNDA:1,Footer
DA:9,1
DA:29,1
LF:2
LH:2
BRF:0
BRH:0
end_of_record
